GET - /api/posts - Sat, 30 Sep 2023 08:45:41 GMT - 2.198 ms
GET - /api/post/undefined - Sat, 30 Sep 2023 08:45:43 GMT - 0.623 ms
GET - /api/posts - Sat, 30 Sep 2023 08:45:45 GMT - 0.305 ms
GET - /api/post/undefined - Sat, 30 Sep 2023 08:45:46 GMT - 0.456 ms
GET - /api/posts - Sat, 30 Sep 2023 08:45:51 GMT - 0.251 ms
GET - /api/post/undefined - Sat, 30 Sep 2023 08:45:52 GMT - 0.256 ms
GET - /api/posts - Sat, 30 Sep 2023 08:45:54 GMT - 0.306 ms
GET - /api/post/undefined - Sat, 30 Sep 2023 08:45:54 GMT - 0.391 ms
GET - /api/posts - Sat, 30 Sep 2023 08:45:55 GMT - 0.327 ms
GET - /api/post/undefined - Sat, 30 Sep 2023 08:45:56 GMT - 0.437 ms
GET - /api/posts - Sat, 30 Sep 2023 08:46:12 GMT - 0.546 ms
GET - /api/posts - Sat, 30 Sep 2023 08:46:15 GMT - 0.248 ms
GET - /api/posts - Sat, 30 Sep 2023 08:48:35 GMT - 1.102 ms
GET - /api/posts - Sat, 30 Sep 2023 08:48:40 GMT - 0.275 ms
GET - /api/post/undefined - Sat, 30 Sep 2023 08:48:43 GMT - 0.531 ms
GET - /api/posts - Sat, 30 Sep 2023 08:48:44 GMT - 0.248 ms
GET - /api/posts - Sat, 30 Sep 2023 08:50:20 GMT - 1.581 ms
GET - /api/post/undefined - Sat, 30 Sep 2023 08:50:24 GMT - 1.347 ms
GET - /api/posts - Sat, 30 Sep 2023 08:50:27 GMT - 0.309 ms
GET - /api/post/undefined - Sat, 30 Sep 2023 08:50:27 GMT - 0.571 ms
GET - /api/posts - Sat, 30 Sep 2023 08:50:28 GMT - 0.283 ms
GET - /api/post/undefined - Sat, 30 Sep 2023 08:50:29 GMT - 0.258 ms
GET - /api/posts - Sat, 30 Sep 2023 08:50:30 GMT - 0.243 ms
GET - /api/posts - Sat, 30 Sep 2023 08:51:25 GMT - 1.852 ms
GET - /api/post/1 - Sat, 30 Sep 2023 08:51:27 GMT - 0.735 ms
GET - /api/posts - Sat, 30 Sep 2023 08:51:28 GMT - 0.281 ms
GET - /api/post/2 - Sat, 30 Sep 2023 08:51:29 GMT - 0.339 ms
GET - /api/posts - Sat, 30 Sep 2023 08:51:30 GMT - 0.268 ms
GET - /signup - Sat, 30 Sep 2023 09:16:08 GMT - 2.100 ms
GET - /signup - Sat, 30 Sep 2023 09:17:46 GMT - 333.816 ms
GET - /api/posts - Sat, 30 Sep 2023 09:17:48 GMT - 1.592 ms
GET - /admin/signup - Sat, 30 Sep 2023 09:17:56 GMT - 647.770 ms
GET - /assets/js/main.signup.js - Sat, 30 Sep 2023 09:17:56 GMT - 20.621 ms
GET - /admin/signup - Sat, 30 Sep 2023 09:21:00 GMT - 107.524 ms
GET - /assets/js/main.signup.js - Sat, 30 Sep 2023 09:21:00 GMT - 18.857 ms
GET - /admin/signup - Sat, 30 Sep 2023 09:21:01 GMT - 10.498 ms
GET - /assets/js/main.signup.js - Sat, 30 Sep 2023 09:21:01 GMT - 0.593 ms
GET - /admin/signup - Sat, 30 Sep 2023 09:22:00 GMT - 13.031 ms
GET - /assets/js/main.signup.js - Sat, 30 Sep 2023 09:22:00 GMT - 1.646 ms
POST - /admin/signup - Sat, 30 Sep 2023 09:22:42 GMT - 154.776 ms
GET - /admin/login - Sat, 30 Sep 2023 09:22:42 GMT - 19.885 ms
POST - /admin/login - Sat, 30 Sep 2023 09:44:45 GMT - 129.911 ms
GET - /admin/login - Sat, 30 Sep 2023 09:44:46 GMT - 1307.360 ms
POST - /admin/login - Sat, 30 Sep 2023 09:44:58 GMT - 178.628 ms
GET - /admin/dashboard - Sat, 30 Sep 2023 09:44:59 GMT - 146.313 ms
GET - /api/posts - Sat, 30 Sep 2023 10:01:37 GMT - 2.694 ms
POST - /api/login - Sat, 30 Sep 2023 10:01:50 GMT - 173.668 ms
GET - /api/posts - Sat, 30 Sep 2023 10:01:50 GMT - 0.407 ms
POST - /api/verify - Sat, 30 Sep 2023 10:06:03 GMT - 1.668 ms
GET - /api/posts - Sat, 30 Sep 2023 10:06:03 GMT - 0.636 ms
GET - /api/posts - Sat, 30 Sep 2023 10:06:05 GMT - 0.331 ms
POST - /api/login - Sat, 30 Sep 2023 10:06:21 GMT - 166.966 ms
GET - /api/posts - Sat, 30 Sep 2023 10:06:21 GMT - 0.307 ms
POST - /api/verify - Sat, 30 Sep 2023 10:06:23 GMT - 0.274 ms
GET - /api/posts - Sat, 30 Sep 2023 10:06:23 GMT - 0.442 ms
GET - /api/posts - Sat, 30 Sep 2023 10:06:56 GMT - 2.045 ms
GET - /api/posts - Sat, 30 Sep 2023 10:06:57 GMT - 0.424 ms
GET - /api/posts - Sat, 30 Sep 2023 10:06:59 GMT - 0.321 ms
POST - /api/login - Sat, 30 Sep 2023 10:07:11 GMT - 172.215 ms
GET - /api/posts - Sat, 30 Sep 2023 10:07:11 GMT - 0.237 ms
GET - /api/posts - Sat, 30 Sep 2023 10:07:12 GMT - 0.210 ms
POST - /api/verify - Sat, 30 Sep 2023 10:07:12 GMT - 44.220 ms
GET - /api/posts - Sat, 30 Sep 2023 10:07:13 GMT - 0.285 ms
POST - /api/verify - Sat, 30 Sep 2023 10:07:13 GMT - 39.216 ms
GET - /api/posts - Tue, 21 Nov 2023 07:24:46 GMT - 37.237 ms
POST - /api/verify - Tue, 21 Nov 2023 07:24:46 GMT - 50.305 ms
POST - /api/verify - Tue, 21 Nov 2023 07:28:25 GMT - 46.803 ms
GET - /api/posts - Tue, 21 Nov 2023 07:28:25 GMT - 41.625 ms
POST - /api/post - Tue, 21 Nov 2023 07:30:22 GMT - 107.757 ms
GET - /api/posts - Tue, 21 Nov 2023 07:30:23 GMT - 77.505 ms
GET - /api/post/655c5c8e3024260def077b7c - Tue, 21 Nov 2023 07:30:26 GMT - 69.549 ms
GET - /api/posts - Tue, 21 Nov 2023 07:30:28 GMT - 68.152 ms
DELETE - /api/post/655c5c8e3024260def077b7c - Tue, 21 Nov 2023 07:30:51 GMT - 76.997 ms
GET - /api/posts - Tue, 21 Nov 2023 07:30:51 GMT - 33.549 ms
POST - /api/verify - Tue, 21 Nov 2023 07:53:53 GMT - 54.886 ms
GET - /api/posts - Tue, 21 Nov 2023 07:53:53 GMT - 48.361 ms
POST - /api/post - Tue, 21 Nov 2023 07:59:57 GMT - 130.559 ms
GET - /api/posts - Tue, 21 Nov 2023 07:59:57 GMT - 35.808 ms
POST - /api/post - Tue, 21 Nov 2023 08:00:27 GMT - 111.831 ms
GET - /api/posts - Tue, 21 Nov 2023 08:00:27 GMT - 80.296 ms
GET - /admin - Tue, 21 Nov 2023 08:05:13 GMT - 11.548 ms
GET - /admin/login - Tue, 21 Nov 2023 08:05:16 GMT - 2315.669 ms
POST - /admin/login - Tue, 21 Nov 2023 08:05:53 GMT - 43.669 ms
GET - /admin/login - Tue, 21 Nov 2023 08:05:53 GMT - 36.288 ms
POST - /admin/login - Tue, 21 Nov 2023 08:06:05 GMT - 168.811 ms
GET - /admin/login - Tue, 21 Nov 2023 08:06:05 GMT - 35.448 ms
POST - /admin/login - Tue, 21 Nov 2023 08:08:41 GMT - 40.053 ms
GET - /admin/login - Tue, 21 Nov 2023 08:08:41 GMT - 33.942 ms
POST - /admin/login - Tue, 21 Nov 2023 08:08:51 GMT - 34.649 ms
GET - /admin/login - Tue, 21 Nov 2023 08:08:51 GMT - 9.128 ms
POST - /admin/login - Tue, 21 Nov 2023 08:09:02 GMT - 103.880 ms
GET - /admin/login - Tue, 21 Nov 2023 08:09:02 GMT - 69.782 ms
POST - /admin/login - Tue, 21 Nov 2023 08:10:03 GMT - 39.035 ms
GET - /admin/login - Tue, 21 Nov 2023 08:10:03 GMT - 41.634 ms
POST - /admin/login - Tue, 21 Nov 2023 08:12:13 GMT - 109.100 ms
GET - /admin/login - Tue, 21 Nov 2023 08:12:13 GMT - 66.577 ms
POST - /admin/login - Tue, 21 Nov 2023 08:12:28 GMT - 106.314 ms
GET - /admin/login - Tue, 21 Nov 2023 08:12:28 GMT - 66.369 ms
POST - /admin/login - Tue, 21 Nov 2023 08:12:38 GMT - 34.989 ms
GET - /admin/login - Tue, 21 Nov 2023 08:12:38 GMT - 9.935 ms
POST - /admin/login - Tue, 21 Nov 2023 08:12:49 GMT - 34.868 ms
GET - /admin/login - Tue, 21 Nov 2023 08:12:49 GMT - 8.128 ms
POST - /admin/login - Tue, 21 Nov 2023 08:16:46 GMT - 113.574 ms
GET - /admin/login - Tue, 21 Nov 2023 08:16:46 GMT - 54.637 ms
POST - /admin/login - Tue, 21 Nov 2023 10:21:08 GMT - 600.814 ms
GET - /admin/dashboard - Tue, 21 Nov 2023 10:21:08 GMT - 235.703 ms
POST - /admin/approve - Tue, 21 Nov 2023 10:27:59 GMT - 10.797 ms
GET - /admin/dashboard - Tue, 21 Nov 2023 10:28:48 GMT - 156.708 ms
POST - /admin/approve - Tue, 21 Nov 2023 10:32:05 GMT - 9.989 ms
POST - /admin/approve - Tue, 21 Nov 2023 10:32:42 GMT - 1.206 ms
GET - /admin/dashboard - Tue, 21 Nov 2023 10:37:32 GMT - 2.535 ms
GET - /admin/login - Tue, 21 Nov 2023 10:37:34 GMT - 2415.170 ms
POST - /admin/login - Tue, 21 Nov 2023 10:37:44 GMT - 212.271 ms
GET - /admin/dashboard - Tue, 21 Nov 2023 10:37:44 GMT - 180.431 ms
POST - /admin/moderate - Tue, 21 Nov 2023 10:37:49 GMT - 45.740 ms
GET - /admin/dashboard - Tue, 21 Nov 2023 10:37:49 GMT - 63.447 ms
GET - /api/posts - Thu, 20 Jun 2024 12:05:07 GMT - 59.015 ms
GET - /signup - Thu, 20 Jun 2024 12:05:19 GMT - 1.793 ms
GET - /signin - Thu, 20 Jun 2024 12:05:29 GMT - 2.110 ms
GET - /api/posts - Thu, 20 Jun 2024 12:05:32 GMT - 56.487 ms
POST - /api/login - Thu, 20 Jun 2024 12:06:32 GMT - 201.576 ms
GET - /api/posts - Thu, 20 Jun 2024 12:06:32 GMT - 54.112 ms
GET - /api/posts - Thu, 20 Jun 2024 12:06:36 GMT - 56.711 ms
POST - /api/verify - Thu, 20 Jun 2024 12:06:36 GMT - 63.699 ms
POST - /api/verify - Thu, 20 Jun 2024 12:06:37 GMT - 60.253 ms
GET - /api/posts - Thu, 20 Jun 2024 12:06:37 GMT - 59.684 ms
POST - /api/verify - Thu, 20 Jun 2024 12:06:37 GMT - 54.860 ms
GET - /api/posts - Thu, 20 Jun 2024 12:06:37 GMT - 54.322 ms
POST - /api/verify - Thu, 20 Jun 2024 12:06:37 GMT - 55.261 ms
GET - /api/posts - Thu, 20 Jun 2024 12:06:37 GMT - 54.399 ms
POST - /api/verify - Thu, 20 Jun 2024 12:06:37 GMT - 57.178 ms
GET - /api/posts - Thu, 20 Jun 2024 12:06:37 GMT - 60.343 ms
POST - /api/post - Thu, 20 Jun 2024 12:31:33 GMT - 158.374 ms
GET - /api/posts - Thu, 20 Jun 2024 12:31:33 GMT - 124.482 ms
GET - /api/post/66742125cc82879230f11373 - Thu, 20 Jun 2024 12:31:37 GMT - 126.407 ms
GET - /api/posts - Thu, 20 Jun 2024 12:31:38 GMT - 119.453 ms
POST - /api/verify - Thu, 20 Jun 2024 12:59:12 GMT - 69.674 ms
POST - /api/verify - Thu, 20 Jun 2024 13:24:59 GMT - 69.880 ms
GET - /api/posts - Thu, 20 Jun 2024 13:24:59 GMT - 122.547 ms
POST - /api/login - Thu, 20 Jun 2024 13:26:29 GMT - 207.421 ms
GET - /api/posts - Thu, 20 Jun 2024 13:26:29 GMT - 123.445 ms
POST - /api/post - Thu, 20 Jun 2024 13:27:33 GMT - 158.027 ms
GET - /api/posts - Thu, 20 Jun 2024 13:27:33 GMT - 129.594 ms
GET - /add - Thu, 20 Jun 2024 13:29:02 GMT - 2.943 ms
POST - /api/verify - Thu, 20 Jun 2024 13:29:03 GMT - 62.555 ms
GET - /api/posts - Thu, 20 Jun 2024 13:29:03 GMT - 134.712 ms
POST - /api/verify - Thu, 20 Jun 2024 13:31:30 GMT - 73.998 ms
GET - /api/posts - Thu, 20 Jun 2024 13:31:30 GMT - 127.668 ms
POST - /api/verify - Thu, 20 Jun 2024 13:36:26 GMT - 66.112 ms
GET - /api/posts - Thu, 20 Jun 2024 13:36:26 GMT - 137.176 ms
POST - /api/verify - Thu, 20 Jun 2024 13:38:25 GMT - 71.234 ms
GET - /api/posts - Thu, 20 Jun 2024 13:38:26 GMT - 121.580 ms
GET - /api/post/66742125cc82879230f11373 - Thu, 20 Jun 2024 13:38:57 GMT - 120.593 ms
GET - /api/posts - Thu, 20 Jun 2024 13:38:59 GMT - 1.061 ms
GET - /api/posts - Thu, 20 Jun 2024 13:49:46 GMT - 1.198 ms
POST - /api/verify - Thu, 20 Jun 2024 13:49:46 GMT - 70.890 ms
GET - /api/post/66742125cc82879230f11373 - Thu, 20 Jun 2024 13:50:13 GMT - 1.678 ms
POST - /api/login - Sat, 22 Jun 2024 03:23:14 GMT - 2.561 ms
POST - /api/login - Sat, 22 Jun 2024 03:25:10 GMT - 68.900 ms
POST - /api/login - Sat, 22 Jun 2024 03:29:26 GMT - 61.757 ms
POST - /api/login - Sat, 22 Jun 2024 03:30:37 GMT - 66.074 ms
POST - /api/login - Sat, 22 Jun 2024 03:32:03 GMT - 64.305 ms
POST - /api/login - Sat, 22 Jun 2024 03:34:42 GMT - 3.338 ms
POST - /api/signup - Sat, 22 Jun 2024 03:42:02 GMT - 4.744 ms
POST - /api/signup - Sat, 22 Jun 2024 03:43:38 GMT - 2.837 ms
POST - /api/verify - Sat, 22 Jun 2024 04:19:56 GMT - 76.399 ms
GET - /api/posts - Sat, 22 Jun 2024 04:19:56 GMT - 142.448 ms
GET - /api/posts - Sat, 22 Jun 2024 04:21:24 GMT - 1.013 ms
GET - /admin/login - Sat, 22 Jun 2024 04:37:12 GMT - 98.778 ms
POST - /admin/login - Sat, 22 Jun 2024 04:37:24 GMT - 1.364 ms
POST - /admin/login - Sat, 22 Jun 2024 04:37:35 GMT - 2.103 ms
POST - /admin/login - Sat, 22 Jun 2024 04:37:45 GMT - 0.383 ms
GET - /admin/signup - Sat, 22 Jun 2024 04:37:53 GMT - 10.560 ms
GET - /assets/js/main.signup.js - Sat, 22 Jun 2024 04:37:53 GMT - 1.071 ms
POST - /admin/signup - Sat, 22 Jun 2024 04:38:08 GMT - 0.381 ms
